2026-02-20 16:58:32 | Cannot add or update a child row: a foreign key constraint fails (`system_services`.`subject_score_components`, CONSTRAINT `fk_subject_component_subject` FOREIGN KEY (`subject_id`) REFERENCES `subjects` (`id`) ON DELETE CASCADE)
2026-02-21 03:37:38 | SV 22: Table 'system_services.score_components' doesn't exist
2026-02-21 03:38:32 | SV 22: Unknown column 'sc.course_class_id' in 'where clause'
2026-02-21 03:39:21 | SV 22: Unknown column 'sc.course_class_id' in 'where clause'
2026-02-21 03:40:17 | SV 22: Field 'course_class_id' doesn't have a default value
2026-02-21 03:40:23 | SV 22: Field 'course_class_id' doesn't have a default value
2026-02-21 03:46:40 | SV 22: Unknown column 'sc.course_class_id' in 'where clause'
2026-02-21 03:46:48 | SV 22: Unknown column 'sc.course_class_id' in 'where clause'
2026-02-21 03:49:36 | SV 22: SV 22 không đủ điều kiện dự thi
2026-02-21 04:20:33 | SV 25: SV 25 không đủ điều kiện dự thi
2026-02-21 04:20:45 | SV 16: SV 16 không đủ điều kiện dự thi
2026-02-21 04:20:50 | SV 16: SV 16 không đủ điều kiện dự thi
2026-02-21 04:21:33 | SV 25: SV 25 không đủ điều kiện dự thi
2026-02-21 06:24:08 | SV 25: SV 25 không đủ điều kiện dự thi
2026-02-21 14:02:43 | SV 22 không đủ điều kiện dự thi
2026-02-21 14:02:43 | SV 22: SV 22 không đủ điều kiện dự thi
2026-02-22 02:23:31 | Tổng trọng số phải bằng 100%
2026-02-22 02:38:11 | Mã môn đã tồn tại
2026-02-22 02:45:52 | Môn đồ án phải có thành phần đồ án
2026-02-22 02:46:12 | Phải có ít nhất 1 điểm CK
2026-02-22 02:54:29 | SV 22 không đủ điều kiện dự thi
2026-02-22 02:54:29 | SV 22: SV 22 không đủ điều kiện dự thi
2026-02-22 03:25:31 | Môn thường phải có ít nhất 1 điểm thường xuyên và định kì
2026-02-22 03:25:45 | Tổng trọng số phải bằng 100%
2026-02-22 03:26:23 | Phải có ít nhất 1 điểm CK
2026-02-22 03:27:09 | Môn thường phải có ít nhất 1 điểm thường xuyên và định kì
2026-02-22 03:27:38 | Tổng trọng số phải bằng 100%
2026-02-22 03:45:44 | Môn thường phải có ít nhất 1 điểm thường xuyên và định kì
2026-02-22 03:51:40 | Môn thường phải có ít nhất 1 điểm thường xuyên và định kì
2026-02-22 04:09:27 | Môn thường phải có ít nhất 1 điểm thường xuyên và định kì
2026-02-22 04:26:09 | Môn thường phải có ít nhất 1 điểm thường xuyên và định kì
2026-02-22 04:29:33 | Môn thường phải có ít nhất 1 điểm thường xuyên và định kì
2026-02-22 04:31:53 | SV 22 không đủ điều kiện dự thi
2026-02-22 04:31:53 | SV 22: SV 22 không đủ điều kiện dự thi
2026-02-22 04:32:04 | SV 22 không đủ điều kiện dự thi
2026-02-22 04:32:04 | SV 22: SV 22 không đủ điều kiện dự thi
2026-02-22 04:32:26 | SV 22 không đủ điều kiện dự thi
2026-02-22 04:32:26 | SV 22: SV 22 không đủ điều kiện dự thi
2026-02-22 04:36:28 | SV 22 không đủ điều kiện dự thi
2026-02-22 04:36:28 | SV 22: SV 22 không đủ điều kiện dự thi
2026-02-22 15:25:30 | Môn thường phải có ít nhất 1 điểm thường xuyên và định kì
2026-02-22 15:27:35 | SV 22 không đủ điều kiện dự thi
2026-02-22 15:27:35 | SV 22: SV 22 không đủ điều kiện dự thi
2026-02-22 15:29:51 | SV 22 không đủ điều kiện dự thi
2026-02-22 15:29:51 | SV 22: SV 22 không đủ điều kiện dự thi
2026-02-22 15:42:34 | SV 22 không đủ điều kiện dự thi
2026-02-22 15:42:34 | SV 22: SV 22 không đủ điều kiện dự thi
2026-02-22 15:42:40 | SV 22 không đủ điều kiện dự thi
2026-02-22 15:42:40 | SV 22: SV 22 không đủ điều kiện dự thi
2026-02-24 08:12:30 | Môn thường phải có ít nhất 1 điểm thường xuyên và định kì
2026-02-24 08:12:52 | Môn thường phải có ít nhất 1 điểm thường xuyên và định kì
2026-02-24 09:53:15 | Tổng trọng số phải bằng 100%
2026-02-24 09:56:44 | Môn thường phải có ít nhất 1 điểm thường xuyên và định kì
2026-02-24 09:56:53 | Môn đồ án phải có thành phần đồ án
2026-02-24 09:57:09 | Môn đồ án chỉ được có 1 thành phần PROJECT
2026-02-24 15:12:44 | Môn thường phải có ít nhất 1 điểm thường xuyên và định kì
2026-02-26 16:47:21 | Môn thường phải có ít nhất 1 điểm thường xuyên và định kì
2026-02-26 16:47:47 | You have an error in your SQL syntax; check the manual that corresponds to your MySQL server version for the right syntax to use near ''1)' at line 2
2026-02-26 16:51:43 | You have an error in your SQL syntax; check the manual that corresponds to your MySQL server version for the right syntax to use near ''subject_type')
        VALUES ('TĐHC00001', 'Trường Đại học CNTT', '3' at line 1
2026-02-26 16:55:10 | You have an error in your SQL syntax; check the manual that corresponds to your MySQL server version for the right syntax to use near ''1,PROJECT)' at line 2
2026-02-26 16:55:14 | You have an error in your SQL syntax; check the manual that corresponds to your MySQL server version for the right syntax to use near ''1,PROJECT)' at line 2
2026-02-26 16:55:14 | You have an error in your SQL syntax; check the manual that corresponds to your MySQL server version for the right syntax to use near ''1,PROJECT)' at line 2
2026-02-26 16:55:15 | You have an error in your SQL syntax; check the manual that corresponds to your MySQL server version for the right syntax to use near ''1,PROJECT)' at line 2
2026-02-26 16:55:35 | You have an error in your SQL syntax; check the manual that corresponds to your MySQL server version for the right syntax to use near ''7,PROJECT)' at line 2
2026-02-26 16:55:39 | You have an error in your SQL syntax; check the manual that corresponds to your MySQL server version for the right syntax to use near ''7,PROJECT)' at line 2
2026-02-26 16:56:18 | You have an error in your SQL syntax; check the manual that corresponds to your MySQL server version for the right syntax to use near ''7,PROJECT)' at line 2
2026-02-26 16:57:16 | You have an error in your SQL syntax; check the manual that corresponds to your MySQL server version for the right syntax to use near ''7,PROJECT)' at line 2
2026-02-26 16:57:22 | Môn đồ án phải có thành phần đồ án
2026-02-26 16:57:29 | You have an error in your SQL syntax; check the manual that corresponds to your MySQL server version for the right syntax to use near ''7,PROJECT)' at line 2
2026-02-26 17:00:03 | You have an error in your SQL syntax; check the manual that corresponds to your MySQL server version for the right syntax to use near 'PROJECT')' at line 2
2026-02-26 17:00:07 | You have an error in your SQL syntax; check the manual that corresponds to your MySQL server version for the right syntax to use near 'PROJECT')' at line 2
2026-02-26 17:00:08 | You have an error in your SQL syntax; check the manual that corresponds to your MySQL server version for the right syntax to use near 'PROJECT')' at line 2
2026-02-26 17:00:08 | You have an error in your SQL syntax; check the manual that corresponds to your MySQL server version for the right syntax to use near 'PROJECT')' at line 2
2026-02-26 17:00:08 | You have an error in your SQL syntax; check the manual that corresponds to your MySQL server version for the right syntax to use near 'PROJECT')' at line 2
2026-02-26 17:00:09 | You have an error in your SQL syntax; check the manual that corresponds to your MySQL server version for the right syntax to use near 'PROJECT')' at line 2
2026-02-26 17:00:16 | You have an error in your SQL syntax; check the manual that corresponds to your MySQL server version for the right syntax to use near 'PROJECT')' at line 2
2026-03-01 17:36:39 | Môn thường phải có ít nhất 1 điểm thường xuyên và định kì
2026-03-01 17:36:55 | Môn thường phải có ít nhất 1 điểm thường xuyên và định kì
2026-03-01 21:24:47 | Đồ án chỉ dành cho năm 3 trở lên
<<<<<<< HEAD
>>>>>>> 56d5fe02023468f5ca6c9807edfd1a788bc950d1
2026-03-02 16:53:22 | Unknown column 'registration_start' in 'field list'
2026-03-02 16:53:39 | Unknown column 'registration_start' in 'field list'
2026-03-02 16:53:51 | Unknown column 'registration_start' in 'field list'
2026-03-02 16:54:01 | Unknown column 'registration_start' in 'field list'
2026-03-02 16:54:26 | Unknown column 'registration_start' in 'field list'
2026-03-02 16:56:35 | Duplicate entry '53-62-1' for key 'course_classes.uq_subject_lecturer_semester'
2026-03-02 16:56:41 | Duplicate entry '53-62-1' for key 'course_classes.uq_subject_lecturer_semester'
2026-03-02 17:02:13 | Duplicate entry '57-63-1' for key 'course_classes.uq_subject_lecturer_semester'
2026-03-02 17:03:45 | Duplicate entry '57-63-1' for key 'course_classes.uq_subject_lecturer_semester'
2026-03-02 17:04:31 | Duplicate entry '57-63-1' for key 'course_classes.uq_subject_lecturer_semester'
2026-03-02 16:06:05 | Unknown column 'registration_start' in 'field list'
2026-03-02 16:06:16 | Unknown column 'registration_start' in 'field list'
2026-03-02 16:38:57 | Unknown column 'registration_start' in 'field list'
=======
2026-03-04 01:41:32 | Lớp chưa mở đăng ký.
2026-03-04 01:41:33 | Lớp chưa mở đăng ký.
2026-03-04 01:41:58 | Lớp chưa mở đăng ký.
2026-03-04 02:47:25 | Lớp chưa mở đăng ký.
2026-03-04 02:49:03 | Lớp chưa mở đăng ký.
2026-03-04 02:50:04 | Lớp chưa mở đăng ký.
2026-03-04 03:03:37 | Duplicate entry '29-54-1' for key 'student_course_classes.uq_student_subject_semester'
2026-03-04 03:03:42 | Duplicate entry '29-54-1' for key 'student_course_classes.uq_student_subject_semester'
2026-03-04 03:04:27 | Duplicate entry '29-54-1' for key 'student_course_classes.uq_student_subject_semester'
2026-03-04 03:05:02 | Duplicate entry '29-54-1' for key 'student_course_classes.uq_student_subject_semester'
2026-03-04 03:05:07 | Duplicate entry '29-54-1' for key 'student_course_classes.uq_student_subject_semester'
2026-03-04 03:05:16 | Duplicate entry '29-54-1' for key 'student_course_classes.uq_student_subject_semester'
2026-03-04 03:09:21 | Duplicate entry '29-54-1' for key 'student_course_classes.uq_student_subject_semester'
2026-03-04 03:12:26 | Duplicate entry '29-54-1' for key 'student_course_classes.uq_student_subject_semester'
2026-03-04 03:22:11 | Bạn đã đăng ký môn này trong học kỳ rồi.
2026-03-04 03:22:42 | Bạn đã đăng ký môn này trong học kỳ rồi.
2026-03-04 03:33:40 | Chưa đến thời gian đăng ký.
2026-03-04 03:33:42 | Chưa đến thời gian đăng ký.
2026-03-04 03:33:43 | Chưa đến thời gian đăng ký.
2026-03-04 03:40:28 | Chưa đến thời gian đăng ký.
2026-03-04 03:46:56 | Đã hết thời gian đăng ký.
2026-03-04 03:53:36 | Chưa đến thời gian đăng ký.
2026-03-04 03:57:28 | Chưa đến thời gian đăng ký.
2026-03-04 03:57:29 | Chưa đến thời gian đăng ký.
2026-03-04 03:57:29 | Chưa đến thời gian đăng ký.
2026-03-04 04:20:03 | Lịch học bị trùng với một lớp đã đăng ký trong học kỳ này.
2026-03-04 04:23:53 | Lịch học bị trùng với một lớp đã đăng ký trong học kỳ này.
2026-03-04 22:27:40 | Chưa đến thời gian đăng ký.
2026-03-04 23:17:20 | Chưa đến thời gian đăng ký.
2026-03-04 23:17:26 | Bạn đã đăng ký môn này trong học kỳ rồi.
>>>>>>> 7c259555d47680c0419f123095e6cb870655f547
